  [1m[35m (37.6ms)[0m  [1m[35mCREATE TABLE "schema_migrations" ("version" character varying NOT NULL PRIMARY KEY)[0m
  [1m[35m (44.6ms)[0m  [1m[35mCREATE TABLE "ar_internal_metadata" ("key" character varying NOT NULL PRIMARY KEY, "value" character varying, "created_at" timestamp NOT NULL, "updated_at" timestamp NOT NULL)[0m
  [1m[35m (41.1ms)[0m  [1m[34mSELECT pg_try_advisory_lock(6523183068729729570);[0m
  [1m[35m (0.6ms)[0m  [1m[34mSELECT "schema_migrations"."version" FROM "schema_migrations" ORDER BY "schema_migrations"."version" ASC[0m
Migrating to CreateProducts (20170602005446)
  [1m[35m (0.2ms)[0m  [1m[35mBEGIN[0m
  [1m[35m (44.8ms)[0m  [1m[35mCREATE TABLE "products" ("id" bigserial primary key, "sku" text, "quantity" integer, "name" text, "created_at" timestamp NOT NULL, "updated_at" timestamp NOT NULL)[0m
  [1m[35mSQL (0.5ms)[0m  [1m[32mINSERT INTO "schema_migrations" ("version") VALUES ($1) RETURNING "version"[0m  [["version", "20170602005446"]]
  [1m[35m (0.7ms)[0m  [1m[35mCOMMIT[0m
  [1m[36mActiveRecord::InternalMetadata Load (0.6ms)[0m  [1m[34mSELECT  "ar_internal_metadata".* FROM "ar_internal_metadata" WHERE "ar_internal_metadata"."key" = $1 LIMIT $2[0m  [["key", "environment"], ["LIMIT", 1]]
  [1m[35m (0.2ms)[0m  [1m[35mBEGIN[0m
  [1m[35mSQL (11.9ms)[0m  [1m[32mINSERT INTO "ar_internal_metadata" ("key", "value", "created_at", "updated_at") VALUES ($1, $2, $3, $4) RETURNING "key"[0m  [["key", "environment"], ["value", "development"], ["created_at", "2017-06-02 00:58:46.678334"], ["updated_at", "2017-06-02 00:58:46.678334"]]
  [1m[35m (0.5ms)[0m  [1m[35mCOMMIT[0m
  [1m[35m (0.3ms)[0m  [1m[34mSELECT pg_advisory_unlock(6523183068729729570)[0m
  [1m[35m (0.5ms)[0m  [1m[34mSELECT "schema_migrations"."version" FROM "schema_migrations" ORDER BY "schema_migrations"."version" ASC[0m
  [1m[35m (0.3ms)[0m  [1m[35mBEGIN[0m
  [1m[35mSQL (0.9ms)[0m  [1m[32mINSERT INTO "products" ("sku", "quantity", "name", "created_at", "updated_at") VALUES ($1, $2, $3, $4, $5) RETURNING "id"[0m  [["sku", "sku_001"], ["quantity", 2], ["name", "churrasco"], ["created_at", "2017-06-02 01:02:49.199135"], ["updated_at", "2017-06-02 01:02:49.199135"]]
  [1m[35m (0.7ms)[0m  [1m[35mCOMMIT[0m
  [1m[35m (0.3ms)[0m  [1m[35mBEGIN[0m
  [1m[35mSQL (0.6ms)[0m  [1m[32mINSERT INTO "products" ("sku", "quantity", "name", "created_at", "updated_at") VALUES ($1, $2, $3, $4, $5) RETURNING "id"[0m  [["sku", "sku_002"], ["quantity", 1], ["name", "Hamburguesa"], ["created_at", "2017-06-02 01:10:07.148222"], ["updated_at", "2017-06-02 01:10:07.148222"]]
  [1m[35m (3.5ms)[0m  [1m[35mCOMMIT[0m
  [1m[35m (0.2ms)[0m  [1m[35mBEGIN[0m
  [1m[35mSQL (0.7ms)[0m  [1m[33mUPDATE "products" SET "sku" = $1, "quantity" = $2, "name" = $3, "updated_at" = $4 WHERE "products"."id" = $5[0m  [["sku", "sku_003"], ["quantity", 2], ["name", "Perro"], ["updated_at", "2017-06-02 01:11:19.616875"], ["id", 2]]
  [1m[35m (40.5ms)[0m  [1m[35mCOMMIT[0m
  [1m[35m (0.2ms)[0m  [1m[35mBEGIN[0m
  [1m[35mSQL (0.4ms)[0m  [1m[33mUPDATE "products" SET "sku" = $1, "quantity" = $2, "name" = $3, "updated_at" = $4 WHERE "products"."id" = $5[0m  [["sku", "sku_004"], ["quantity", 5], ["name", "Chuzo"], ["updated_at", "2017-06-02 01:11:19.707408"], ["id", 2]]
  [1m[35m (0.5ms)[0m  [1m[35mCOMMIT[0m
  [1m[35m (0.2ms)[0m  [1m[35mBEGIN[0m
  [1m[35mSQL (0.5ms)[0m  [1m[33mUPDATE "products" SET "sku" = $1, "quantity" = $2, "name" = $3, "updated_at" = $4 WHERE "products"."id" = $5[0m  [["sku", "sku_005"], ["quantity", 4], ["name", "Papas"], ["updated_at", "2017-06-02 01:11:20.698300"], ["id", 2]]
  [1m[35m (0.5ms)[0m  [1m[35mCOMMIT[0m
  [1m[35m (0.7ms)[0m  [1m[34mSELECT COUNT(*) FROM "products"[0m
  [1m[36mProduct Load (41.3ms)[0m  [1m[34mSELECT  "products".* FROM "products" WHERE "products"."id" = $1 LIMIT $2[0m  [["id", 2], ["LIMIT", 1]]
  [1m[36mProduct Load (0.4ms)[0m  [1m[34mSELECT  "products".* FROM "products" LIMIT $1[0m  [["LIMIT", 11]]
  [1m[36mProduct Load (0.5ms)[0m  [1m[34mSELECT  "products".* FROM "products" WHERE "products"."id" = $1 LIMIT $2[0m  [["id", 7], ["LIMIT", 1]]
  [1m[36mProduct Load (0.4ms)[0m  [1m[34mSELECT  "products".* FROM "products" WHERE "products"."name" = $1 LIMIT $2[0m  [["name", "churrasco"], ["LIMIT", 11]]
  [1m[36mProduct Load (0.3ms)[0m  [1m[34mSELECT  "products"."name", "products"."sku" FROM "products" LIMIT $1[0m  [["LIMIT", 11]]
  [1m[36mProduct Load (0.4ms)[0m  [1m[34mSELECT  "products"."name", "products"."sku" FROM "products" WHERE "products"."id" = $1 LIMIT $2[0m  [["id", 1], ["LIMIT", 1]]
  [1m[35m (0.3ms)[0m  [1m[35mBEGIN[0m
  [1m[35mSQL (0.5ms)[0m  [1m[32mINSERT INTO "products" ("sku", "quantity", "name", "created_at", "updated_at") VALUES ($1, $2, $3, $4, $5) RETURNING "id"[0m  [["sku", "sku_006"], ["quantity", 2], ["name", "Yolo"], ["created_at", "2017-06-02 01:22:33.085101"], ["updated_at", "2017-06-02 01:22:33.085101"]]
  [1m[35m (3.8ms)[0m  [1m[35mCOMMIT[0m
  [1m[36mProduct Load (0.5ms)[0m  [1m[34mSELECT  "products".* FROM "products" WHERE "products"."id" = $1 LIMIT $2[0m  [["id", 1], ["LIMIT", 11]]
  [1m[36mProduct Load (0.4ms)[0m  [1m[34mSELECT  "products".* FROM "products" ORDER BY "products"."created_at" ASC LIMIT $1[0m  [["LIMIT", 11]]
  [1m[36mProduct Load (0.4ms)[0m  [1m[34mSELECT  "products".* FROM "products" LIMIT $1[0m  [["LIMIT", 11]]
  [1m[35m (0.3ms)[0m  [1m[35mBEGIN[0m
  [1m[35mSQL (0.7ms)[0m  [1m[32mINSERT INTO "products" ("sku", "quantity", "name", "created_at", "updated_at") VALUES ($1, $2, $3, $4, $5) RETURNING "id"[0m  [["sku", "sku_002"], ["quantity", 1], ["name", "Hamburguesa"], ["created_at", "2017-06-02 01:31:18.859984"], ["updated_at", "2017-06-02 01:31:18.859984"]]
  [1m[35m (40.6ms)[0m  [1m[35mCOMMIT[0m
  [1m[36mProduct Load (0.5ms)[0m  [1m[34mSELECT  "products".* FROM "products" LIMIT $1[0m  [["LIMIT", 11]]
  [1m[35m (0.2ms)[0m  [1m[35mBEGIN[0m
  [1m[35mSQL (0.7ms)[0m  [1m[33mUPDATE "products" SET "sku" = $1, "quantity" = $2, "name" = $3, "updated_at" = $4 WHERE "products"."id" = $5[0m  [["sku", "sku_003"], ["quantity", 2], ["name", "Perro"], ["updated_at", "2017-06-02 01:31:35.524731"], ["id", 4]]
  [1m[35m (0.5ms)[0m  [1m[35mCOMMIT[0m
  [1m[36mProduct Load (0.5ms)[0m  [1m[34mSELECT  "products".* FROM "products" LIMIT $1[0m  [["LIMIT", 11]]
  [1m[35m (0.2ms)[0m  [1m[35mBEGIN[0m
  [1m[35mSQL (0.5ms)[0m  [1m[32mINSERT INTO "products" ("sku", "quantity", "name", "created_at", "updated_at") VALUES ($1, $2, $3, $4, $5) RETURNING "id"[0m  [["sku", "sku_002"], ["quantity", 1], ["name", "Hamburguesa"], ["created_at", "2017-06-02 01:32:20.574713"], ["updated_at", "2017-06-02 01:32:20.574713"]]
  [1m[35m (0.5ms)[0m  [1m[35mCOMMIT[0m
  [1m[36mProduct Load (0.5ms)[0m  [1m[34mSELECT  "products".* FROM "products" LIMIT $1[0m  [["LIMIT", 11]]
  [1m[35m (0.2ms)[0m  [1m[35mBEGIN[0m
  [1m[35mSQL (0.5ms)[0m  [1m[33mUPDATE "products" SET "sku" = $1, "quantity" = $2, "name" = $3, "updated_at" = $4 WHERE "products"."id" = $5[0m  [["sku", "sku_004"], ["quantity", 5], ["name", "Chuzo"], ["updated_at", "2017-06-02 01:32:48.924530"], ["id", 5]]
  [1m[35m (0.5ms)[0m  [1m[35mCOMMIT[0m
  [1m[36mProduct Load (0.5ms)[0m  [1m[34mSELECT  "products".* FROM "products" LIMIT $1[0m  [["LIMIT", 11]]
  [1m[35m (0.7ms)[0m  [1m[34mSELECT COUNT(*) FROM "products"[0m
  [1m[36mProduct Load (0.3ms)[0m  [1m[34mSELECT  "products".* FROM "products" WHERE "products"."id" = $1 LIMIT $2[0m  [["id", 1], ["LIMIT", 1]]
  [1m[36mProduct Load (0.5ms)[0m  [1m[34mSELECT  "products".* FROM "products" WHERE "products"."id" = $1 LIMIT $2[0m  [["id", 2], ["LIMIT", 1]]
  [1m[36mProduct Load (0.5ms)[0m  [1m[34mSELECT  "products".* FROM "products" WHERE "products"."id" = $1 LIMIT $2[0m  [["id", 3], ["LIMIT", 1]]
  [1m[36mProduct Load (0.5ms)[0m  [1m[34mSELECT  "products".* FROM "products" WHERE "products"."id" = $1 LIMIT $2[0m  [["id", 4], ["LIMIT", 1]]
  [1m[36mProduct Load (0.5ms)[0m  [1m[34mSELECT  "products".* FROM "products" WHERE "products"."id" = $1 LIMIT $2[0m  [["id", 5], ["LIMIT", 1]]
  [1m[36mProduct Load (0.5ms)[0m  [1m[34mSELECT  "products".* FROM "products" WHERE "products"."id" = $1 LIMIT $2[0m  [["id", 6], ["LIMIT", 1]]
  [1m[36mProduct Load (0.4ms)[0m  [1m[34mSELECT  "products".* FROM "products" WHERE "products"."id" = $1 LIMIT $2[0m  [["id", 0], ["LIMIT", 1]]
  [1m[35m (0.2ms)[0m  [1m[35mBEGIN[0m
  [1m[35mSQL (0.5ms)[0m  [1m[32mINSERT INTO "products" ("sku", "quantity", "name", "created_at", "updated_at") VALUES ($1, $2, $3, $4, $5) RETURNING "id"[0m  [["sku", "sku_002"], ["quantity", 1], ["name", "Hamburguesa"], ["created_at", "2017-06-02 01:36:50.450884"], ["updated_at", "2017-06-02 01:36:50.450884"]]
  [1m[35m (0.5ms)[0m  [1m[35mCOMMIT[0m
  [1m[36mProduct Load (0.4ms)[0m  [1m[34mSELECT  "products".* FROM "products" WHERE "products"."id" = $1 LIMIT $2[0m  [["id", 6], ["LIMIT", 1]]
  [1m[36mProduct Load (0.3ms)[0m  [1m[34mSELECT  "products".* FROM "products" WHERE "products"."sku" = $1 LIMIT $2[0m  [["sku", "sku_003"], ["LIMIT", 1]]
  [1m[36mProduct Load (0.2ms)[0m  [1m[34mSELECT  "products".* FROM "products" WHERE "products"."sku" = $1 LIMIT $2[0m  [["sku", "sku_003"], ["LIMIT", 1]]
  [1m[36mProduct Load (0.3ms)[0m  [1m[34mSELECT  "products".* FROM "products" WHERE "products"."sku" = $1 LIMIT $2[0m  [["sku", "sku_003"], ["LIMIT", 1]]
  [1m[36mProduct Load (0.5ms)[0m  [1m[34mSELECT  "products".* FROM "products" WHERE "products"."id" = $1 LIMIT $2[0m  [["id", 5], ["LIMIT", 1]]
  [1m[36mProduct Load (0.4ms)[0m  [1m[34mSELECT  "products".* FROM "products" LIMIT $1[0m  [["LIMIT", 11]]
  [1m[36mProduct Load (0.4ms)[0m  [1m[34mSELECT  "products".* FROM "products" WHERE "products"."sku" = $1 LIMIT $2[0m  [["sku", "sku_002"], ["LIMIT", 11]]
  [1m[36mProduct Load (0.5ms)[0m  [1m[34mSELECT  "products".* FROM "products" WHERE "products"."sku" = $1 LIMIT $2[0m  [["sku", "sku_002"], ["LIMIT", 1]]
  [1m[36mProduct Load (0.6ms)[0m  [1m[34mSELECT  "products".* FROM "products" WHERE "products"."sku" = $1 LIMIT $2[0m  [["sku", "sku_002"], ["LIMIT", 1]]
  [1m[36mProduct Load (0.5ms)[0m  [1m[34mSELECT  "products".* FROM "products" WHERE "products"."sku" = $1 LIMIT $2[0m  [["sku", "sku_002"], ["LIMIT", 1]]
  [1m[36mProduct Load (0.5ms)[0m  [1m[34mSELECT  "products".* FROM "products" WHERE "products"."sku" = $1 LIMIT $2[0m  [["sku", "sku_002"], ["LIMIT", 1]]
  [1m[36mProduct Load (0.5ms)[0m  [1m[34mSELECT  "products".* FROM "products" WHERE "products"."sku" = $1 LIMIT $2[0m  [["sku", "sku_002"], ["LIMIT", 1]]
  [1m[36mProduct Load (0.4ms)[0m  [1m[34mSELECT "products".* FROM "products" WHERE "products"."sku" = $1[0m  [["sku", "sku_002"]]
  [1m[36mProduct Load (0.5ms)[0m  [1m[34mSELECT "products".* FROM "products" WHERE "products"."sku" = $1[0m  [["sku", "sku_002"]]
  [1m[36mProduct Load (0.5ms)[0m  [1m[34mSELECT "products".* FROM "products" WHERE "products"."sku" = $1[0m  [["sku", "sku_002"]]
  [1m[36mProduct Load (0.4ms)[0m  [1m[34mSELECT "products".* FROM "products" WHERE "products"."sku" = $1[0m  [["sku", "sku_002"]]
  [1m[36mProduct Load (0.5ms)[0m  [1m[34mSELECT "products".* FROM "products" WHERE "products"."sku" = $1[0m  [["sku", "sku_002"]]
  [1m[36mProduct Load (0.4ms)[0m  [1m[34mSELECT  "products".* FROM "products" WHERE "products"."sku" = $1 LIMIT $2[0m  [["sku", "sku_002"], ["LIMIT", 1]]
  [1m[36mProduct Load (0.4ms)[0m  [1m[34mSELECT  "products".* FROM "products" WHERE "products"."sku" = $1 LIMIT $2[0m  [["sku", "sku_002"], ["LIMIT", 1]]
  [1m[36mProduct Load (0.3ms)[0m  [1m[34mSELECT  "products".* FROM "products" WHERE "products"."sku" = $1 LIMIT $2[0m  [["sku", "sku_002"], ["LIMIT", 11]]
  [1m[36mProduct Load (0.4ms)[0m  [1m[34mSELECT  "products".* FROM "products" WHERE "products"."sku" = $1 LIMIT $2[0m  [["sku", "sku_002"], ["LIMIT", 11]]
  [1m[36mProduct Load (0.4ms)[0m  [1m[34mSELECT  "products".* FROM "products" WHERE "products"."sku" = $1 LIMIT $2[0m  [["sku", "sku_002"], ["LIMIT", 1]]
  [1m[36mProduct Load (0.3ms)[0m  [1m[34mSELECT  "products".* FROM "products" WHERE "products"."sku" = $1 LIMIT $2[0m  [["sku", "sku_002"], ["LIMIT", 1]]
  [1m[36mProduct Load (0.4ms)[0m  [1m[34mSELECT  "products".* FROM "products" WHERE "products"."sku" = $1 LIMIT $2[0m  [["sku", "sku_002"], ["LIMIT", 1]]
  [1m[36mProduct Load (0.4ms)[0m  [1m[34mSELECT  "products".* FROM "products" WHERE "products"."sku" = $1 LIMIT $2[0m  [["sku", "sku_002"], ["LIMIT", 1]]
  [1m[36mProduct Load (0.3ms)[0m  [1m[34mSELECT  "products".* FROM "products" WHERE "products"."sku" = $1 LIMIT $2[0m  [["sku", "sku_002"], ["LIMIT", 1]]
  [1m[36mProduct Load (0.4ms)[0m  [1m[34mSELECT  "products".* FROM "products" WHERE "products"."sku" = $1 LIMIT $2[0m  [["sku", "sku_002"], ["LIMIT", 1]]
  [1m[36mProduct Load (0.4ms)[0m  [1m[34mSELECT  "products".* FROM "products" WHERE "products"."sku" = $1 LIMIT $2[0m  [["sku", "sku_002"], ["LIMIT", 1]]
  [1m[36mProduct Load (0.4ms)[0m  [1m[34mSELECT  "products".* FROM "products" WHERE "products"."sku" = $1 LIMIT $2[0m  [["sku", "sku_002"], ["LIMIT", 1]]
  [1m[36mProduct Load (0.4ms)[0m  [1m[34mSELECT  "products".* FROM "products" WHERE "products"."sku" = $1 LIMIT $2[0m  [["sku", "sku_002"], ["LIMIT", 1]]
  [1m[36mProduct Load (0.4ms)[0m  [1m[34mSELECT  "products".* FROM "products" WHERE "products"."name" = $1 LIMIT $2[0m  [["name", "Hamburguesa"], ["LIMIT", 1]]
  [1m[36mProduct Load (0.6ms)[0m  [1m[34mSELECT  "products".* FROM "products" WHERE "products"."name" = $1 LIMIT $2[0m  [["name", "Hamburguesa"], ["LIMIT", 1]]
  [1m[36mProduct Load (0.3ms)[0m  [1m[34mSELECT  "products".* FROM "products" WHERE "products"."name" = $1 LIMIT $2[0m  [["name", "Hamburguesa"], ["LIMIT", 1]]
  [1m[36mProduct Load (0.7ms)[0m  [1m[34mSELECT  "products".* FROM "products" WHERE "products"."name" = $1 LIMIT $2[0m  [["name", "Hamburguesa"], ["LIMIT", 1]]
  [1m[36mProduct Load (0.5ms)[0m  [1m[34mSELECT  "products".* FROM "products" WHERE "products"."name" = $1 LIMIT $2[0m  [["name", "Hamburguesa"], ["LIMIT", 1]]
  [1m[36mProduct Load (0.5ms)[0m  [1m[34mSELECT  "products".* FROM "products" WHERE "products"."name" = $1 LIMIT $2[0m  [["name", "Hamburguesa"], ["LIMIT", 1]]
  [1m[36mProduct Load (0.2ms)[0m  [1m[34mSELECT  "products".* FROM "products" WHERE "products"."name" = $1 LIMIT $2[0m  [["name", "Hamburguesa"], ["LIMIT", 1]]
  [1m[36mProduct Load (0.4ms)[0m  [1m[34mSELECT  "products".* FROM "products" WHERE "products"."name" = $1 LIMIT $2[0m  [["name", "Hamburguesa"], ["LIMIT", 1]]
  [1m[36mProduct Load (0.4ms)[0m  [1m[34mSELECT  "products".* FROM "products" WHERE "products"."name" = $1 LIMIT $2[0m  [["name", "Hamburguesa"], ["LIMIT", 1]]
  [1m[36mProduct Load (0.5ms)[0m  [1m[34mSELECT  "products".* FROM "products" WHERE "products"."id" = $1 LIMIT $2[0m  [["id", 7], ["LIMIT", 1]]
  [1m[36mProduct Load (0.5ms)[0m  [1m[34mSELECT  "products".* FROM "products" WHERE "products"."id" = $1 LIMIT $2[0m  [["id", 6], ["LIMIT", 1]]
  [1m[36mProduct Load (0.5ms)[0m  [1m[34mSELECT  "products".* FROM "products" WHERE "products"."id" = $1 LIMIT $2[0m  [["id", 6], ["LIMIT", 1]]
  [1m[36mProduct Load (0.5ms)[0m  [1m[34mSELECT  "products".* FROM "products" WHERE "products"."id" = $1 LIMIT $2[0m  [["id", 6], ["LIMIT", 1]]
  [1m[36mProduct Load (0.5ms)[0m  [1m[34mSELECT  "products".* FROM "products" WHERE "products"."id" = $1 LIMIT $2[0m  [["id", 6], ["LIMIT", 1]]
  [1m[36mProduct Load (0.2ms)[0m  [1m[34mSELECT  "products".* FROM "products" WHERE "products"."id" = $1 LIMIT $2[0m  [["id", 6], ["LIMIT", 1]]
  [1m[36mProduct Load (0.4ms)[0m  [1m[34mSELECT  "products".* FROM "products" WHERE "products"."id" = $1 LIMIT $2[0m  [["id", 6], ["LIMIT", 1]]
  [1m[36mProduct Load (0.4ms)[0m  [1m[34mSELECT  "products".* FROM "products" WHERE "products"."id" = $1 LIMIT $2[0m  [["id", 6], ["LIMIT", 1]]
  [1m[36mProduct Load (0.5ms)[0m  [1m[34mSELECT  "products".* FROM "products" WHERE "products"."id" = $1 LIMIT $2[0m  [["id", 6], ["LIMIT", 1]]
  [1m[36mProduct Load (0.4ms)[0m  [1m[34mSELECT  "products".* FROM "products" WHERE "products"."name" = $1 LIMIT $2[0m  [["name", "HAMBURGUESA"], ["LIMIT", 1]]
  [1m[36mProduct Load (0.4ms)[0m  [1m[34mSELECT  "products".* FROM "products" WHERE "products"."name" = $1 LIMIT $2[0m  [["name", "HAMBURGUESA"], ["LIMIT", 1]]
  [1m[36mProduct Load (0.4ms)[0m  [1m[34mSELECT  "products".* FROM "products" WHERE "products"."name" = $1 LIMIT $2[0m  [["name", "HAMBURGUESA"], ["LIMIT", 1]]
  [1m[36mProduct Load (0.4ms)[0m  [1m[34mSELECT  "products".* FROM "products" WHERE "products"."id" = $1 LIMIT $2[0m  [["id", 6], ["LIMIT", 1]]
  [1m[36mProduct Load (0.4ms)[0m  [1m[34mSELECT  "products".* FROM "products" WHERE "products"."name" = $1 LIMIT $2[0m  [["name", "HAMBURGUESA"], ["LIMIT", 1]]
  [1m[36mProduct Load (0.4ms)[0m  [1m[34mSELECT  "products".* FROM "products" WHERE "products"."name" = $1 LIMIT $2[0m  [["name", "HAMBURGUESA"], ["LIMIT", 1]]
  [1m[36mProduct Load (0.5ms)[0m  [1m[34mSELECT  "products".* FROM "products" WHERE "products"."name" = $1 LIMIT $2[0m  [["name", "HAMBURGUESA"], ["LIMIT", 1]]
  [1m[36mProduct Load (0.4ms)[0m  [1m[34mSELECT  "products".* FROM "products" WHERE "products"."name" = $1 LIMIT $2[0m  [["name", "Hamburguesa"], ["LIMIT", 1]]
