Started GET "/" for 127.0.0.1 at 2017-05-30 18:55:17 -0500
Processing by Rails::WelcomeController#index as HTML
  Rendering /Users/andrea/.rvm/gems/ruby-2.4.0/gems/railties-5.1.1/lib/rails/templates/rails/welcome/index.html.erb
  Rendered /Users/andrea/.rvm/gems/ruby-2.4.0/gems/railties-5.1.1/lib/rails/templates/rails/welcome/index.html.erb (4.8ms)
Completed 200 OK in 435ms (Views: 56.6ms)


Started GET "/index" for 127.0.0.1 at 2017-05-30 18:58:15 -0500
  
AbstractController::ActionNotFound (The action 'index' could not be found for IndexController):
  
actionpack (5.1.1) lib/abstract_controller/base.rb:119:in `process'
actionview (5.1.1) lib/action_view/rendering.rb:30:in `process'
actionpack (5.1.1) lib/action_controller/metal.rb:189:in `dispatch'
actionpack (5.1.1) lib/action_controller/metal.rb:253:in `dispatch'
actionpack (5.1.1) lib/action_dispatch/routing/route_set.rb:49:in `dispatch'
actionpack (5.1.1) lib/action_dispatch/routing/route_set.rb:31:in `serve'
actionpack (5.1.1) lib/action_dispatch/journey/router.rb:46:in `block in serve'
actionpack (5.1.1) lib/action_dispatch/journey/router.rb:33:in `each'
actionpack (5.1.1) lib/action_dispatch/journey/router.rb:33:in `serve'
actionpack (5.1.1) lib/action_dispatch/routing/route_set.rb:832:in `call'
rack (2.0.3) lib/rack/etag.rb:25:in `call'
rack (2.0.3) lib/rack/conditional_get.rb:25:in `call'
rack (2.0.3) lib/rack/head.rb:12:in `call'
rack (2.0.3) lib/rack/session/abstract/id.rb:232:in `context'
rack (2.0.3) lib/rack/session/abstract/id.rb:226:in `call'
actionpack (5.1.1) lib/action_dispatch/middleware/cookies.rb:613:in `call'
activerecord (5.1.1) lib/active_record/migration.rb:556:in `call'
actionpack (5.1.1) lib/action_dispatch/middleware/callbacks.rb:26:in `block in call'
activesupport (5.1.1) lib/active_support/callbacks.rb:97:in `run_callbacks'
actionpack (5.1.1) lib/action_dispatch/middleware/callbacks.rb:24:in `call'
actionpack (5.1.1) lib/action_dispatch/middleware/executor.rb:12:in `call'
actionpack (5.1.1) lib/action_dispatch/middleware/debug_exceptions.rb:59:in `call'
web-console (3.5.1) lib/web_console/middleware.rb:135:in `call_app'
web-console (3.5.1) lib/web_console/middleware.rb:28:in `block in call'
web-console (3.5.1) lib/web_console/middleware.rb:18:in `catch'
web-console (3.5.1) lib/web_console/middleware.rb:18:in `call'
actionpack (5.1.1) lib/action_dispatch/middleware/show_exceptions.rb:31:in `call'
railties (5.1.1) lib/rails/rack/logger.rb:36:in `call_app'
railties (5.1.1) lib/rails/rack/logger.rb:24:in `block in call'
activesupport (5.1.1) lib/active_support/tagged_logging.rb:69:in `block in tagged'
activesupport (5.1.1) lib/active_support/tagged_logging.rb:26:in `tagged'
activesupport (5.1.1) lib/active_support/tagged_logging.rb:69:in `tagged'
railties (5.1.1) lib/rails/rack/logger.rb:24:in `call'
sprockets-rails (3.2.0) lib/sprockets/rails/quiet_assets.rb:13:in `call'
actionpack (5.1.1) lib/action_dispatch/middleware/remote_ip.rb:79:in `call'
actionpack (5.1.1) lib/action_dispatch/middleware/request_id.rb:25:in `call'
rack (2.0.3) lib/rack/method_override.rb:22:in `call'
rack (2.0.3) lib/rack/runtime.rb:22:in `call'
activesupport (5.1.1) lib/active_support/cache/strategy/local_cache_middleware.rb:27:in `call'
actionpack (5.1.1) lib/action_dispatch/middleware/executor.rb:12:in `call'
actionpack (5.1.1) lib/action_dispatch/middleware/static.rb:125:in `call'
rack (2.0.3) lib/rack/sendfile.rb:111:in `call'
railties (5.1.1) lib/rails/engine.rb:522:in `call'
puma (3.8.2) lib/puma/configuration.rb:224:in `call'
puma (3.8.2) lib/puma/server.rb:600:in `handle_request'
puma (3.8.2) lib/puma/server.rb:435:in `process_client'
puma (3.8.2) lib/puma/server.rb:299:in `block in run'
puma (3.8.2) lib/puma/thread_pool.rb:120:in `block in spawn_thread'
Started GET "/index" for 127.0.0.1 at 2017-05-30 19:00:20 -0500
  
AbstractController::ActionNotFound (The action 'index' could not be found for IndexController):
  
actionpack (5.1.1) lib/abstract_controller/base.rb:119:in `process'
actionview (5.1.1) lib/action_view/rendering.rb:30:in `process'
actionpack (5.1.1) lib/action_controller/metal.rb:189:in `dispatch'
actionpack (5.1.1) lib/action_controller/metal.rb:253:in `dispatch'
actionpack (5.1.1) lib/action_dispatch/routing/route_set.rb:49:in `dispatch'
actionpack (5.1.1) lib/action_dispatch/routing/route_set.rb:31:in `serve'
actionpack (5.1.1) lib/action_dispatch/journey/router.rb:46:in `block in serve'
actionpack (5.1.1) lib/action_dispatch/journey/router.rb:33:in `each'
actionpack (5.1.1) lib/action_dispatch/journey/router.rb:33:in `serve'
actionpack (5.1.1) lib/action_dispatch/routing/route_set.rb:832:in `call'
rack (2.0.3) lib/rack/etag.rb:25:in `call'
rack (2.0.3) lib/rack/conditional_get.rb:25:in `call'
rack (2.0.3) lib/rack/head.rb:12:in `call'
rack (2.0.3) lib/rack/session/abstract/id.rb:232:in `context'
rack (2.0.3) lib/rack/session/abstract/id.rb:226:in `call'
actionpack (5.1.1) lib/action_dispatch/middleware/cookies.rb:613:in `call'
activerecord (5.1.1) lib/active_record/migration.rb:556:in `call'
actionpack (5.1.1) lib/action_dispatch/middleware/callbacks.rb:26:in `block in call'
activesupport (5.1.1) lib/active_support/callbacks.rb:97:in `run_callbacks'
actionpack (5.1.1) lib/action_dispatch/middleware/callbacks.rb:24:in `call'
actionpack (5.1.1) lib/action_dispatch/middleware/executor.rb:12:in `call'
actionpack (5.1.1) lib/action_dispatch/middleware/debug_exceptions.rb:59:in `call'
web-console (3.5.1) lib/web_console/middleware.rb:135:in `call_app'
web-console (3.5.1) lib/web_console/middleware.rb:28:in `block in call'
web-console (3.5.1) lib/web_console/middleware.rb:18:in `catch'
web-console (3.5.1) lib/web_console/middleware.rb:18:in `call'
actionpack (5.1.1) lib/action_dispatch/middleware/show_exceptions.rb:31:in `call'
railties (5.1.1) lib/rails/rack/logger.rb:36:in `call_app'
railties (5.1.1) lib/rails/rack/logger.rb:24:in `block in call'
activesupport (5.1.1) lib/active_support/tagged_logging.rb:69:in `block in tagged'
activesupport (5.1.1) lib/active_support/tagged_logging.rb:26:in `tagged'
activesupport (5.1.1) lib/active_support/tagged_logging.rb:69:in `tagged'
railties (5.1.1) lib/rails/rack/logger.rb:24:in `call'
sprockets-rails (3.2.0) lib/sprockets/rails/quiet_assets.rb:13:in `call'
actionpack (5.1.1) lib/action_dispatch/middleware/remote_ip.rb:79:in `call'
actionpack (5.1.1) lib/action_dispatch/middleware/request_id.rb:25:in `call'
rack (2.0.3) lib/rack/method_override.rb:22:in `call'
rack (2.0.3) lib/rack/runtime.rb:22:in `call'
activesupport (5.1.1) lib/active_support/cache/strategy/local_cache_middleware.rb:27:in `call'
actionpack (5.1.1) lib/action_dispatch/middleware/executor.rb:12:in `call'
actionpack (5.1.1) lib/action_dispatch/middleware/static.rb:125:in `call'
rack (2.0.3) lib/rack/sendfile.rb:111:in `call'
railties (5.1.1) lib/rails/engine.rb:522:in `call'
puma (3.8.2) lib/puma/configuration.rb:224:in `call'
puma (3.8.2) lib/puma/server.rb:600:in `handle_request'
puma (3.8.2) lib/puma/server.rb:435:in `process_client'
puma (3.8.2) lib/puma/server.rb:299:in `block in run'
puma (3.8.2) lib/puma/thread_pool.rb:120:in `block in spawn_thread'
Started GET "/index" for 127.0.0.1 at 2017-05-30 19:01:43 -0500
Processing by IndexController#index as HTML
  Rendering index/index.html.erb within layouts/application
  Rendered index/index.html.erb within layouts/application (12.4ms)
Completed 200 OK in 689ms (Views: 483.5ms)


Started GET "/" for 127.0.0.1 at 2017-05-30 19:12:52 -0500
Processing by IndexController#root as HTML
Completed 500 Internal Server Error in 321ms


  
ActionView::MissingTemplate (Missing template index/holi, application/holi with {:locale=>[:en], :formats=>[:html], :variants=>[], :handlers=>[:raw, :erb, :html, :builder, :ruby, :coffee, :jbuilder]}. Searched in:
  * "/Users/andrea/David_Aguilar/makeitreal/Clases/clase16/makeitreal/app/views"
):
  
app/controllers/concerns/index_controller.rb:5:in `root'
Started GET "/" for 127.0.0.1 at 2017-05-30 19:13:17 -0500
Processing by IndexController#index as HTML
  Rendering index/index.html.erb within layouts/application
  Rendered index/index.html.erb within layouts/application (0.4ms)
Completed 200 OK in 286ms (Views: 277.8ms)


Started GET "/" for 127.0.0.1 at 2017-05-30 19:19:48 -0500
Processing by IndexController#index as HTML
  Rendering index/index.html.erb within layouts/application
  Rendered index/index.html.erb within layouts/application (1.3ms)
Completed 200 OK in 1666ms (Views: 1383.6ms)


Started GET "/index" for 127.0.0.1 at 2017-05-30 19:19:55 -0500
Processing by IndexController#index as HTML
  Rendering index/index.html.erb within layouts/application
  Rendered index/index.html.erb within layouts/application (0.4ms)
Completed 200 OK in 22ms (Views: 19.6ms)


Started GET "/index/holi" for 127.0.0.1 at 2017-05-30 19:20:00 -0500
  
ActionController::RoutingError (No route matches [GET] "/index/holi"):
  
actionpack (5.1.1) lib/action_dispatch/middleware/debug_exceptions.rb:63:in `call'
web-console (3.5.1) lib/web_console/middleware.rb:135:in `call_app'
web-console (3.5.1) lib/web_console/middleware.rb:28:in `block in call'
web-console (3.5.1) lib/web_console/middleware.rb:18:in `catch'
web-console (3.5.1) lib/web_console/middleware.rb:18:in `call'
actionpack (5.1.1) lib/action_dispatch/middleware/show_exceptions.rb:31:in `call'
railties (5.1.1) lib/rails/rack/logger.rb:36:in `call_app'
railties (5.1.1) lib/rails/rack/logger.rb:24:in `block in call'
activesupport (5.1.1) lib/active_support/tagged_logging.rb:69:in `block in tagged'
activesupport (5.1.1) lib/active_support/tagged_logging.rb:26:in `tagged'
activesupport (5.1.1) lib/active_support/tagged_logging.rb:69:in `tagged'
railties (5.1.1) lib/rails/rack/logger.rb:24:in `call'
sprockets-rails (3.2.0) lib/sprockets/rails/quiet_assets.rb:13:in `call'
actionpack (5.1.1) lib/action_dispatch/middleware/remote_ip.rb:79:in `call'
actionpack (5.1.1) lib/action_dispatch/middleware/request_id.rb:25:in `call'
rack (2.0.3) lib/rack/method_override.rb:22:in `call'
rack (2.0.3) lib/rack/runtime.rb:22:in `call'
activesupport (5.1.1) lib/active_support/cache/strategy/local_cache_middleware.rb:27:in `call'
actionpack (5.1.1) lib/action_dispatch/middleware/executor.rb:12:in `call'
actionpack (5.1.1) lib/action_dispatch/middleware/static.rb:125:in `call'
rack (2.0.3) lib/rack/sendfile.rb:111:in `call'
railties (5.1.1) lib/rails/engine.rb:522:in `call'
puma (3.8.2) lib/puma/configuration.rb:224:in `call'
puma (3.8.2) lib/puma/server.rb:600:in `handle_request'
puma (3.8.2) lib/puma/server.rb:435:in `process_client'
puma (3.8.2) lib/puma/server.rb:299:in `block in run'
puma (3.8.2) lib/puma/thread_pool.rb:120:in `block in spawn_thread'
Started GET "/index/ver" for 127.0.0.1 at 2017-05-30 19:20:13 -0500
  
ActionController::RoutingError (No route matches [GET] "/index/ver"):
  
actionpack (5.1.1) lib/action_dispatch/middleware/debug_exceptions.rb:63:in `call'
web-console (3.5.1) lib/web_console/middleware.rb:135:in `call_app'
web-console (3.5.1) lib/web_console/middleware.rb:28:in `block in call'
web-console (3.5.1) lib/web_console/middleware.rb:18:in `catch'
web-console (3.5.1) lib/web_console/middleware.rb:18:in `call'
actionpack (5.1.1) lib/action_dispatch/middleware/show_exceptions.rb:31:in `call'
railties (5.1.1) lib/rails/rack/logger.rb:36:in `call_app'
railties (5.1.1) lib/rails/rack/logger.rb:24:in `block in call'
activesupport (5.1.1) lib/active_support/tagged_logging.rb:69:in `block in tagged'
activesupport (5.1.1) lib/active_support/tagged_logging.rb:26:in `tagged'
activesupport (5.1.1) lib/active_support/tagged_logging.rb:69:in `tagged'
railties (5.1.1) lib/rails/rack/logger.rb:24:in `call'
sprockets-rails (3.2.0) lib/sprockets/rails/quiet_assets.rb:13:in `call'
actionpack (5.1.1) lib/action_dispatch/middleware/remote_ip.rb:79:in `call'
actionpack (5.1.1) lib/action_dispatch/middleware/request_id.rb:25:in `call'
rack (2.0.3) lib/rack/method_override.rb:22:in `call'
rack (2.0.3) lib/rack/runtime.rb:22:in `call'
activesupport (5.1.1) lib/active_support/cache/strategy/local_cache_middleware.rb:27:in `call'
actionpack (5.1.1) lib/action_dispatch/middleware/executor.rb:12:in `call'
actionpack (5.1.1) lib/action_dispatch/middleware/static.rb:125:in `call'
rack (2.0.3) lib/rack/sendfile.rb:111:in `call'
railties (5.1.1) lib/rails/engine.rb:522:in `call'
puma (3.8.2) lib/puma/configuration.rb:224:in `call'
puma (3.8.2) lib/puma/server.rb:600:in `handle_request'
puma (3.8.2) lib/puma/server.rb:435:in `process_client'
puma (3.8.2) lib/puma/server.rb:299:in `block in run'
puma (3.8.2) lib/puma/thread_pool.rb:120:in `block in spawn_thread'
Started GET "/holi/crear" for 127.0.0.1 at 2017-05-30 19:20:57 -0500
Processing by HoliController#crear as HTML
  Rendering holi/crear.html.erb within layouts/application
  Rendered holi/crear.html.erb within layouts/application (0.5ms)
Completed 200 OK in 110ms (Views: 99.0ms)


Started GET "/index" for 127.0.0.1 at 2017-05-30 19:22:22 -0500
  
ActionController::RoutingError (No route matches [GET] "/index"):
  
actionpack (5.1.1) lib/action_dispatch/middleware/debug_exceptions.rb:63:in `call'
web-console (3.5.1) lib/web_console/middleware.rb:135:in `call_app'
web-console (3.5.1) lib/web_console/middleware.rb:28:in `block in call'
web-console (3.5.1) lib/web_console/middleware.rb:18:in `catch'
web-console (3.5.1) lib/web_console/middleware.rb:18:in `call'
actionpack (5.1.1) lib/action_dispatch/middleware/show_exceptions.rb:31:in `call'
railties (5.1.1) lib/rails/rack/logger.rb:36:in `call_app'
railties (5.1.1) lib/rails/rack/logger.rb:24:in `block in call'
activesupport (5.1.1) lib/active_support/tagged_logging.rb:69:in `block in tagged'
activesupport (5.1.1) lib/active_support/tagged_logging.rb:26:in `tagged'
activesupport (5.1.1) lib/active_support/tagged_logging.rb:69:in `tagged'
railties (5.1.1) lib/rails/rack/logger.rb:24:in `call'
sprockets-rails (3.2.0) lib/sprockets/rails/quiet_assets.rb:13:in `call'
actionpack (5.1.1) lib/action_dispatch/middleware/remote_ip.rb:79:in `call'
actionpack (5.1.1) lib/action_dispatch/middleware/request_id.rb:25:in `call'
rack (2.0.3) lib/rack/method_override.rb:22:in `call'
rack (2.0.3) lib/rack/runtime.rb:22:in `call'
activesupport (5.1.1) lib/active_support/cache/strategy/local_cache_middleware.rb:27:in `call'
actionpack (5.1.1) lib/action_dispatch/middleware/executor.rb:12:in `call'
actionpack (5.1.1) lib/action_dispatch/middleware/static.rb:125:in `call'
rack (2.0.3) lib/rack/sendfile.rb:111:in `call'
railties (5.1.1) lib/rails/engine.rb:522:in `call'
puma (3.8.2) lib/puma/configuration.rb:224:in `call'
puma (3.8.2) lib/puma/server.rb:600:in `handle_request'
puma (3.8.2) lib/puma/server.rb:435:in `process_client'
puma (3.8.2) lib/puma/server.rb:299:in `block in run'
puma (3.8.2) lib/puma/thread_pool.rb:120:in `block in spawn_thread'
Started GET "/index" for 127.0.0.1 at 2017-05-30 19:22:38 -0500
Processing by IndexController#index as HTML
  Rendering index/index.html.erb within layouts/application
  Rendered index/index.html.erb within layouts/application (0.4ms)
Completed 200 OK in 93ms (Views: 90.4ms)


Started GET "/holi/David" for 127.0.0.1 at 2017-05-30 19:25:53 -0500
  
ActionController::RoutingError (No route matches [GET] "/holi/David"):
  
actionpack (5.1.1) lib/action_dispatch/middleware/debug_exceptions.rb:63:in `call'
web-console (3.5.1) lib/web_console/middleware.rb:135:in `call_app'
web-console (3.5.1) lib/web_console/middleware.rb:28:in `block in call'
web-console (3.5.1) lib/web_console/middleware.rb:18:in `catch'
web-console (3.5.1) lib/web_console/middleware.rb:18:in `call'
actionpack (5.1.1) lib/action_dispatch/middleware/show_exceptions.rb:31:in `call'
railties (5.1.1) lib/rails/rack/logger.rb:36:in `call_app'
railties (5.1.1) lib/rails/rack/logger.rb:24:in `block in call'
activesupport (5.1.1) lib/active_support/tagged_logging.rb:69:in `block in tagged'
activesupport (5.1.1) lib/active_support/tagged_logging.rb:26:in `tagged'
activesupport (5.1.1) lib/active_support/tagged_logging.rb:69:in `tagged'
railties (5.1.1) lib/rails/rack/logger.rb:24:in `call'
sprockets-rails (3.2.0) lib/sprockets/rails/quiet_assets.rb:13:in `call'
actionpack (5.1.1) lib/action_dispatch/middleware/remote_ip.rb:79:in `call'
actionpack (5.1.1) lib/action_dispatch/middleware/request_id.rb:25:in `call'
rack (2.0.3) lib/rack/method_override.rb:22:in `call'
rack (2.0.3) lib/rack/runtime.rb:22:in `call'
activesupport (5.1.1) lib/active_support/cache/strategy/local_cache_middleware.rb:27:in `call'
actionpack (5.1.1) lib/action_dispatch/middleware/executor.rb:12:in `call'
actionpack (5.1.1) lib/action_dispatch/middleware/static.rb:125:in `call'
rack (2.0.3) lib/rack/sendfile.rb:111:in `call'
railties (5.1.1) lib/rails/engine.rb:522:in `call'
puma (3.8.2) lib/puma/configuration.rb:224:in `call'
puma (3.8.2) lib/puma/server.rb:600:in `handle_request'
puma (3.8.2) lib/puma/server.rb:435:in `process_client'
puma (3.8.2) lib/puma/server.rb:299:in `block in run'
puma (3.8.2) lib/puma/thread_pool.rb:120:in `block in spawn_thread'
Started GET "/holi/David" for 127.0.0.1 at 2017-05-30 19:27:09 -0500
  
SyntaxError (/Users/andrea/David_Aguilar/makeitreal/Clases/clase16/makeitreal/config/routes.rb:6: syntax error, unexpected tSTRING_BEG, expecting keyword_do or '{' or '('
  get 'holi/ver', to 'index#ver'
                      ^):
  
config/routes.rb:6: syntax error, unexpected tSTRING_BEG, expecting keyword_do or '{' or '('
Started GET "/holi/David" for 127.0.0.1 at 2017-05-30 19:28:19 -0500
  
SyntaxError (/Users/andrea/David_Aguilar/makeitreal/Clases/clase16/makeitreal/config/routes.rb:6: syntax error, unexpected tSTRING_BEG, expecting keyword_do or '{' or '('
  get 'holi/ver', to 'index#ver'
                      ^):
  
config/routes.rb:6: syntax error, unexpected tSTRING_BEG, expecting keyword_do or '{' or '('
Started GET "/holi/David" for 127.0.0.1 at 2017-05-30 19:29:42 -0500
  
SyntaxError (/Users/andrea/David_Aguilar/makeitreal/Clases/clase16/makeitreal/config/routes.rb:6: syntax error, unexpected tSTRING_BEG, expecting keyword_do or '{' or '('
  get 'holi/ver/:nombre', to 'holi#ver'
                              ^):
  
config/routes.rb:6: syntax error, unexpected tSTRING_BEG, expecting keyword_do or '{' or '('
Started GET "/holi/ver/David" for 127.0.0.1 at 2017-05-30 19:29:49 -0500
  
ActionController::RoutingError (No route matches [GET] "/holi/ver/David"):
  
actionpack (5.1.1) lib/action_dispatch/middleware/debug_exceptions.rb:63:in `call'
web-console (3.5.1) lib/web_console/middleware.rb:135:in `call_app'
web-console (3.5.1) lib/web_console/middleware.rb:28:in `block in call'
web-console (3.5.1) lib/web_console/middleware.rb:18:in `catch'
web-console (3.5.1) lib/web_console/middleware.rb:18:in `call'
actionpack (5.1.1) lib/action_dispatch/middleware/show_exceptions.rb:31:in `call'
railties (5.1.1) lib/rails/rack/logger.rb:36:in `call_app'
railties (5.1.1) lib/rails/rack/logger.rb:24:in `block in call'
activesupport (5.1.1) lib/active_support/tagged_logging.rb:69:in `block in tagged'
activesupport (5.1.1) lib/active_support/tagged_logging.rb:26:in `tagged'
activesupport (5.1.1) lib/active_support/tagged_logging.rb:69:in `tagged'
railties (5.1.1) lib/rails/rack/logger.rb:24:in `call'
sprockets-rails (3.2.0) lib/sprockets/rails/quiet_assets.rb:13:in `call'
actionpack (5.1.1) lib/action_dispatch/middleware/remote_ip.rb:79:in `call'
actionpack (5.1.1) lib/action_dispatch/middleware/request_id.rb:25:in `call'
rack (2.0.3) lib/rack/method_override.rb:22:in `call'
rack (2.0.3) lib/rack/runtime.rb:22:in `call'
activesupport (5.1.1) lib/active_support/cache/strategy/local_cache_middleware.rb:27:in `call'
actionpack (5.1.1) lib/action_dispatch/middleware/executor.rb:12:in `call'
actionpack (5.1.1) lib/action_dispatch/middleware/static.rb:125:in `call'
rack (2.0.3) lib/rack/sendfile.rb:111:in `call'
railties (5.1.1) lib/rails/engine.rb:522:in `call'
puma (3.8.2) lib/puma/configuration.rb:224:in `call'
puma (3.8.2) lib/puma/server.rb:600:in `handle_request'
puma (3.8.2) lib/puma/server.rb:435:in `process_client'
puma (3.8.2) lib/puma/server.rb:299:in `block in run'
puma (3.8.2) lib/puma/thread_pool.rb:120:in `block in spawn_thread'
Started GET "/holi/ver/David" for 127.0.0.1 at 2017-05-30 19:31:05 -0500
Processing by HoliController#ver as HTML
  Parameters: {"nombre"=>"David"}
  Rendering holi/ver.html.erb within layouts/application
  Rendered holi/ver.html.erb within layouts/application (1.2ms)
Completed 200 OK in 170ms (Views: 140.6ms)


Started GET "/holi/ver/" for 127.0.0.1 at 2017-05-30 19:31:23 -0500
  
ActionController::RoutingError (No route matches [GET] "/holi/ver"):
  
actionpack (5.1.1) lib/action_dispatch/middleware/debug_exceptions.rb:63:in `call'
web-console (3.5.1) lib/web_console/middleware.rb:135:in `call_app'
web-console (3.5.1) lib/web_console/middleware.rb:28:in `block in call'
web-console (3.5.1) lib/web_console/middleware.rb:18:in `catch'
web-console (3.5.1) lib/web_console/middleware.rb:18:in `call'
actionpack (5.1.1) lib/action_dispatch/middleware/show_exceptions.rb:31:in `call'
railties (5.1.1) lib/rails/rack/logger.rb:36:in `call_app'
railties (5.1.1) lib/rails/rack/logger.rb:24:in `block in call'
activesupport (5.1.1) lib/active_support/tagged_logging.rb:69:in `block in tagged'
activesupport (5.1.1) lib/active_support/tagged_logging.rb:26:in `tagged'
activesupport (5.1.1) lib/active_support/tagged_logging.rb:69:in `tagged'
railties (5.1.1) lib/rails/rack/logger.rb:24:in `call'
sprockets-rails (3.2.0) lib/sprockets/rails/quiet_assets.rb:13:in `call'
actionpack (5.1.1) lib/action_dispatch/middleware/remote_ip.rb:79:in `call'
actionpack (5.1.1) lib/action_dispatch/middleware/request_id.rb:25:in `call'
rack (2.0.3) lib/rack/method_override.rb:22:in `call'
rack (2.0.3) lib/rack/runtime.rb:22:in `call'
activesupport (5.1.1) lib/active_support/cache/strategy/local_cache_middleware.rb:27:in `call'
actionpack (5.1.1) lib/action_dispatch/middleware/executor.rb:12:in `call'
actionpack (5.1.1) lib/action_dispatch/middleware/static.rb:125:in `call'
rack (2.0.3) lib/rack/sendfile.rb:111:in `call'
railties (5.1.1) lib/rails/engine.rb:522:in `call'
puma (3.8.2) lib/puma/configuration.rb:224:in `call'
puma (3.8.2) lib/puma/server.rb:600:in `handle_request'
puma (3.8.2) lib/puma/server.rb:435:in `process_client'
puma (3.8.2) lib/puma/server.rb:299:in `block in run'
puma (3.8.2) lib/puma/thread_pool.rb:120:in `block in spawn_thread'
Started GET "/holi/ver/David" for 127.0.0.1 at 2017-05-30 19:32:24 -0500
Processing by HoliController#ver as HTML
  Parameters: {"nombre"=>"David"}
  Rendering holi/ver.html.erb within layouts/application
  Rendered holi/ver.html.erb within layouts/application (0.7ms)
Completed 200 OK in 189ms (Views: 185.2ms)


Started GET "/holi/ver/" for 127.0.0.1 at 2017-05-30 19:32:28 -0500
Processing by HoliController#ver as HTML
  Rendering holi/ver.html.erb within layouts/application
  Rendered holi/ver.html.erb within layouts/application (0.4ms)
Completed 200 OK in 27ms (Views: 24.2ms)


Started GET "/productos" for 127.0.0.1 at 2017-05-30 19:39:28 -0500
  
ActionController::RoutingError (No route matches [GET] "/productos"):
  
actionpack (5.1.1) lib/action_dispatch/middleware/debug_exceptions.rb:63:in `call'
web-console (3.5.1) lib/web_console/middleware.rb:135:in `call_app'
web-console (3.5.1) lib/web_console/middleware.rb:28:in `block in call'
web-console (3.5.1) lib/web_console/middleware.rb:18:in `catch'
web-console (3.5.1) lib/web_console/middleware.rb:18:in `call'
actionpack (5.1.1) lib/action_dispatch/middleware/show_exceptions.rb:31:in `call'
railties (5.1.1) lib/rails/rack/logger.rb:36:in `call_app'
railties (5.1.1) lib/rails/rack/logger.rb:24:in `block in call'
activesupport (5.1.1) lib/active_support/tagged_logging.rb:69:in `block in tagged'
activesupport (5.1.1) lib/active_support/tagged_logging.rb:26:in `tagged'
activesupport (5.1.1) lib/active_support/tagged_logging.rb:69:in `tagged'
railties (5.1.1) lib/rails/rack/logger.rb:24:in `call'
sprockets-rails (3.2.0) lib/sprockets/rails/quiet_assets.rb:13:in `call'
actionpack (5.1.1) lib/action_dispatch/middleware/remote_ip.rb:79:in `call'
actionpack (5.1.1) lib/action_dispatch/middleware/request_id.rb:25:in `call'
rack (2.0.3) lib/rack/method_override.rb:22:in `call'
rack (2.0.3) lib/rack/runtime.rb:22:in `call'
activesupport (5.1.1) lib/active_support/cache/strategy/local_cache_middleware.rb:27:in `call'
actionpack (5.1.1) lib/action_dispatch/middleware/executor.rb:12:in `call'
actionpack (5.1.1) lib/action_dispatch/middleware/static.rb:125:in `call'
rack (2.0.3) lib/rack/sendfile.rb:111:in `call'
railties (5.1.1) lib/rails/engine.rb:522:in `call'
puma (3.8.2) lib/puma/configuration.rb:224:in `call'
puma (3.8.2) lib/puma/server.rb:600:in `handle_request'
puma (3.8.2) lib/puma/server.rb:435:in `process_client'
puma (3.8.2) lib/puma/server.rb:299:in `block in run'
puma (3.8.2) lib/puma/thread_pool.rb:120:in `block in spawn_thread'
Started GET "/products" for 127.0.0.1 at 2017-05-30 19:39:39 -0500
Processing by ListaController#list as HTML
  Rendering lista/list.html.erb within layouts/application
  Rendered lista/list.html.erb within layouts/application (0.6ms)
Completed 200 OK in 142ms (Views: 111.1ms)


Started GET "/products" for 127.0.0.1 at 2017-05-30 19:40:53 -0500
Processing by ListaController#list as HTML
  Rendering lista/list.html.erb within layouts/application
  Rendered lista/list.html.erb within layouts/application (0.4ms)
Completed 200 OK in 76ms (Views: 73.1ms)


Started GET "/index" for 127.0.0.1 at 2017-05-30 19:41:31 -0500
Processing by IndexController#index as HTML
  Rendering index/index.html.erb within layouts/application
  Rendered index/index.html.erb within layouts/application (0.4ms)
Completed 200 OK in 93ms (Views: 90.0ms)


Started GET "/products" for 127.0.0.1 at 2017-05-30 19:42:08 -0500
Processing by ListaController#list as HTML
  Rendering lista/list.html.erb within layouts/application
  Rendered lista/list.html.erb within layouts/application (0.4ms)
Completed 200 OK in 22ms (Views: 19.3ms)


Started GET "/products" for 127.0.0.1 at 2017-05-30 19:45:29 -0500
Processing by ListaController#list as HTML
  Rendering lista/list.html.erb within layouts/application
  Rendered lista/list.html.erb within layouts/application (0.5ms)
Completed 200 OK in 135ms (Views: 132.7ms)


Started GET "/holi/products" for 127.0.0.1 at 2017-05-30 19:50:33 -0500
Processing by HoliController#products as HTML
Completed 200 OK in 1ms (Views: 0.5ms)


Started GET "/holi/products" for 127.0.0.1 at 2017-05-30 19:51:24 -0500
Processing by HoliController#products as HTML
Completed 404 Not Found in 1ms (Views: 0.3ms)


Started GET "/holi/products" for 127.0.0.1 at 2017-05-30 20:09:06 -0500
Processing by HoliController#products as HTML
Completed 404 Not Found in 305ms (Views: 0.5ms)


Started GET "/" for 127.0.0.1 at 2017-05-31 18:19:35 -0500
Processing by IndexController#index as HTML
  Rendering index/index.html.erb within layouts/application
  Rendered index/index.html.erb within layouts/application (7.7ms)
Completed 200 OK in 694ms (Views: 382.3ms)


Started GET "/holi/actualizar" for 127.0.0.1 at 2017-05-31 18:34:46 -0500
Processing by HoliController#actualizar as HTML
Redirected to http://localhost:3000/holi/products?name=algo
Completed 302 Found in 1ms


Started GET "/holi/products?name=algo" for 127.0.0.1 at 2017-05-31 18:34:46 -0500
Processing by HoliController#products as HTML
  Parameters: {"name"=>"algo"}
Completed 404 Not Found in 1ms (Views: 0.3ms)


Started GET "/holi/ver" for 127.0.0.1 at 2017-05-31 18:35:29 -0500
Processing by HoliController#ver as HTML
  Rendering holi/ver.html.erb within layouts/application
  Rendered holi/ver.html.erb within layouts/application (144.6ms)
Completed 500 Internal Server Error in 154ms


  
ActionView::Template::Error (undefined method `link' for #<#<Class:0x007f84dda71db8>:0x007f84dda70198>
Did you mean?  link_to):
    1: <h1>Holi#ver</h1>
    2: <p><%=@nombre%></p>
    3: <%=link link_to 'GO TO PRODUCTS', products_path%>
    4: <a href="<%= products_path %>"></a>
  
app/views/holi/ver.html.erb:3:in `_app_views_holi_ver_html_erb___2466308722099774319_70104315564840'
Started GET "/holi/ver" for 127.0.0.1 at 2017-05-31 18:35:32 -0500
Processing by HoliController#ver as HTML
  Rendering holi/ver.html.erb within layouts/application
  Rendered holi/ver.html.erb within layouts/application (112.6ms)
Completed 500 Internal Server Error in 121ms


  
ActionView::Template::Error (undefined method `link' for #<#<Class:0x007f84dda71db8>:0x007f84d8a92f90>
Did you mean?  link_to):
    1: <h1>Holi#ver</h1>
    2: <p><%=@nombre%></p>
    3: <%=link link_to 'GO TO PRODUCTS', products_path%>
    4: <a href="<%= products_path %>"></a>
  
app/views/holi/ver.html.erb:3:in `_app_views_holi_ver_html_erb___2466308722099774319_70104273699920'
Started GET "/holi/ver" for 127.0.0.1 at 2017-05-31 18:35:51 -0500
Processing by HoliController#ver as HTML
  Rendering holi/ver.html.erb within layouts/application
  Rendered holi/ver.html.erb within layouts/application (0.7ms)
Completed 200 OK in 21ms (Views: 18.6ms)


Started GET "/holi/ver/David" for 127.0.0.1 at 2017-05-31 18:36:20 -0500
Processing by HoliController#ver as HTML
  Parameters: {"nombre"=>"David"}
  Rendering holi/ver.html.erb within layouts/application
  Rendered holi/ver.html.erb within layouts/application (0.4ms)
Completed 200 OK in 20ms (Views: 17.3ms)


Started GET "/holi/products" for 127.0.0.1 at 2017-05-31 18:37:30 -0500
Processing by HoliController#products as HTML
Completed 404 Not Found in 1ms (Views: 0.2ms)


Started GET "/products" for 127.0.0.1 at 2017-05-31 18:37:37 -0500
Processing by ListaController#list as HTML
  Rendering lista/list.html.erb within layouts/application
  Rendered lista/list.html.erb within layouts/application (0.4ms)
Completed 200 OK in 38ms (Views: 19.8ms)


Started GET "/products" for 127.0.0.1 at 2017-05-31 18:40:14 -0500
Processing by ListController#list_products as HTML
  Rendering list/list_products.html.erb within layouts/application
  Rendered list/list_products.html.erb within layouts/application (0.4ms)
Completed 200 OK in 21ms (Views: 18.7ms)


Started GET "/products" for 127.0.0.1 at 2017-05-31 18:40:17 -0500
Processing by ListController#list_products as HTML
  Rendering list/list_products.html.erb within layouts/application
  Rendered list/list_products.html.erb within layouts/application (0.3ms)
Completed 200 OK in 19ms (Views: 17.0ms)


Started GET "/products" for 127.0.0.1 at 2017-05-31 18:49:25 -0500
  
SyntaxError (/Users/andrea/David_Aguilar/makeitreal/Clases/clase16/makeitreal/config/routes.rb:22: syntax error, unexpected tIDENTIFIER, expecting end-of-input
  get 'products/manzanas' to: 'list#manzanas' as: 'manzana
                            ^):
  
config/routes.rb:22: syntax error, unexpected tIDENTIFIER, expecting end-of-input
Started GET "/products" for 127.0.0.1 at 2017-05-31 18:50:05 -0500
  
SyntaxError (/Users/andrea/David_Aguilar/makeitreal/Clases/clase16/makeitreal/config/routes.rb:22: syntax error, unexpected tIDENTIFIER, expecting keyword_end
  get 'products/manzanas' to: 'list#manzanas' as: 'manzana
                            ^):
  
config/routes.rb:22: syntax error, unexpected tIDENTIFIER, expecting keyword_end
Started GET "/products" for 127.0.0.1 at 2017-05-31 18:51:00 -0500
Processing by ListController#list_products as HTML
  Rendering list/list_products.html.erb within layouts/application
  Rendered list/list_products.html.erb within layouts/application (227.3ms)
Completed 500 Internal Server Error in 237ms


  
ActionView::Template::Error (undefined local variable or method `manzanas' for #<#<Class:0x007f84dde0cc48>:0x007f84dde07018>
Did you mean?  manzanas_url):
    1: <ul>
    2:   <li><%= link_to "Manzanas", manzanas %></li>
    3:   <li>Limones</il>
    4:   <li>Duraznos</li>
    5:   <li>Peras</li>
  
app/views/list/list_products.html.erb:2:in `_app_views_list_list_products_html_erb___805761401342581673_70104317454960'
Started GET "/products" for 127.0.0.1 at 2017-05-31 18:52:40 -0500
Processing by ListController#list_products as HTML
  Rendering list/list_products.html.erb within layouts/application
  Rendered list/list_products.html.erb within layouts/application (0.9ms)
Completed 200 OK in 78ms (Views: 74.3ms)


Started GET "/products" for 127.0.0.1 at 2017-05-31 18:53:53 -0500
Processing by ListController#list_products as HTML
  Rendering list/list_products.html.erb within layouts/application
  Rendered list/list_products.html.erb within layouts/application (1.0ms)
Completed 200 OK in 28ms (Views: 25.4ms)


Started GET "/products" for 127.0.0.1 at 2017-05-31 18:54:19 -0500
Processing by ListController#list_products as HTML
  Rendering list/list_products.html.erb within layouts/application
  Rendered list/list_products.html.erb within layouts/application (0.8ms)
Completed 200 OK in 25ms (Views: 22.3ms)


Started GET "/products/manzanas" for 127.0.0.1 at 2017-05-31 18:54:21 -0500
Processing by ListController#manzanas as HTML
  Rendering list/manzanas.html.erb within layouts/application
  Rendered list/manzanas.html.erb within layouts/application (0.4ms)
Completed 200 OK in 97ms (Views: 23.2ms)


Started GET "/products/limones" for 127.0.0.1 at 2017-05-31 18:54:26 -0500
Processing by ListController#limones as HTML
  Rendering list/limones.html.erb within layouts/application
  Rendered list/limones.html.erb within layouts/application (0.4ms)
Completed 200 OK in 67ms (Views: 23.1ms)


Started GET "/products/duraznos" for 127.0.0.1 at 2017-05-31 18:54:28 -0500
Processing by ListController#duraznos as HTML
  Rendering list/duraznos.html.erb within layouts/application
  Rendered list/duraznos.html.erb within layouts/application (0.4ms)
Completed 200 OK in 60ms (Views: 22.6ms)


Started GET "/products/peras" for 127.0.0.1 at 2017-05-31 18:54:31 -0500
Processing by ListController#peras as HTML
  Rendering list/peras.html.erb within layouts/application
  Rendered list/peras.html.erb within layouts/application (0.7ms)
Completed 200 OK in 81ms (Views: 24.7ms)


Started GET "/products/manzanas" for 127.0.0.1 at 2017-05-31 18:54:33 -0500
Processing by ListController#manzanas as HTML
  Rendering list/manzanas.html.erb within layouts/application
  Rendered list/manzanas.html.erb within layouts/application (0.7ms)
Completed 200 OK in 33ms (Views: 27.9ms)


Started GET "/products" for 127.0.0.1 at 2017-05-31 19:04:19 -0500
Processing by ListController#list_products as HTML
  Rendering list/list_products.html.erb within layouts/application
  Rendered list/list_products.html.erb within layouts/application (229.1ms)
Completed 500 Internal Server Error in 237ms


  
ActionView::Template::Error (undefined local variable or method `products' for #<#<Class:0x007f84deec4928>:0x007f84deeb6d00>
Did you mean?  products_url):
    1: <ul>
    2:   <% products.each do |item| %>
    3:   <li><%= link_to "products[item]", item_path %></li>
    4:   <%end%>
    5: </ul>
  
app/views/list/list_products.html.erb:2:in `_app_views_list_list_products_html_erb___805761401342581673_70104326220000'
Started GET "/products" for 127.0.0.1 at 2017-05-31 19:04:51 -0500
Processing by ListController#list_products as HTML
  Rendering list/list_products.html.erb within layouts/application
  Rendered list/list_products.html.erb within layouts/application (193.9ms)
Completed 500 Internal Server Error in 202ms


  
ActionView::Template::Error (undefined local variable or method `products' for #<#<Class:0x007f84ddd86648>:0x007f84ddd84a78>
Did you mean?  products_url):
    1: <ul>
    2:   <% products.each do |item| %>
    3:   <li><%= link_to "products[item]", item_path %></li>
    4:   <%end%>
    5: </ul>
  
app/views/list/list_products.html.erb:2:in `_app_views_list_list_products_html_erb___805761401342581673_70104317179760'
Started GET "/products" for 127.0.0.1 at 2017-05-31 19:15:55 -0500
Processing by ListController#list_products as HTML
  Rendering list/list_products.html.erb within layouts/application
  Rendered list/list_products.html.erb within layouts/application (216.7ms)
Completed 500 Internal Server Error in 226ms


  
ActionView::Template::Error (undefined local variable or method `products' for #<#<Class:0x007f84d8a02cb0>:0x007f84d89fb7a8>
Did you mean?  products_url):
    1: <ul>
    2:   <% products.each do |item| %>
    3:   <li><%= link_to "products[item]", item_path %></li>
    4:   <%end%>
    5: </ul>
  
app/views/list/list_products.html.erb:2:in `_app_views_list_list_products_html_erb___805761401342581673_70104273395480'
Started GET "/products" for 127.0.0.1 at 2017-05-31 19:18:34 -0500
Processing by ListController#list_products as HTML
  Rendering list/list_products.html.erb within layouts/application
  Rendered list/list_products.html.erb within layouts/application (3.8ms)
Completed 500 Internal Server Error in 13ms


  
ActionView::Template::Error (undefined method `each' for nil:NilClass):
    1: <ul>
    2:   <% @list.each do |item| %>
    3:   <li><%= link_to "item[:name]", item_path %></li>
    4:   <%end%>
    5: </ul>
  
app/views/list/list_products.html.erb:2:in `_app_views_list_list_products_html_erb___805761401342581673_70104271260880'
Started GET "/products" for 127.0.0.1 at 2017-05-31 19:19:07 -0500
Processing by ListController#list_products as HTML
  Rendering list/list_products.html.erb within layouts/application
  Rendered list/list_products.html.erb within layouts/application (5.1ms)
Completed 500 Internal Server Error in 44ms


  
ActionView::Template::Error (undefined method `each' for nil:NilClass):
    1: <ul>
    2:   <% @list.each do |item| %>
    3:   <li><%= link_to "#{item[:name]}", item_path %></li>
    4:   <%end%>
    5: </ul>
  
app/views/list/list_products.html.erb:2:in `_app_views_list_list_products_html_erb___805761401342581673_70104275173040'
Started GET "/products" for 127.0.0.1 at 2017-05-31 19:20:15 -0500
Processing by ListController#list_products as HTML
  Rendering list/list_products.html.erb within layouts/application
  Rendered list/list_products.html.erb within layouts/application (3.8ms)
Completed 500 Internal Server Error in 12ms


  
ActionView::Template::Error (undefined method `each' for nil:NilClass):
    1: <ul>
    2:   <% @list.each do |item| %>
    3:   <li><%= link_to item[:name], item_path %></li>
    4:   <%end%>
    5: </ul>
  
app/views/list/list_products.html.erb:2:in `_app_views_list_list_products_html_erb___805761401342581673_70104274869280'
Started GET "/holi/ver" for 127.0.0.1 at 2017-05-31 19:25:11 -0500
Processing by HoliController#ver as HTML
Completed 500 Internal Server Error in 136ms


  
NameError (undefined local variable or method `custom_producut' for #<HoliController:0x007f84dde39cc0>):
  
app/controllers/holi_controller.rb:10:in `ver'
Started GET "/holi/ver" for 127.0.0.1 at 2017-05-31 19:26:00 -0500
Processing by HoliController#ver as HTML
Completed 500 Internal Server Error in 43ms


  
ActionView::MissingTemplate (Missing template layouts/custom_producut with {:locale=>[:en], :formats=>[:html], :variants=>[], :handlers=>[:raw, :erb, :html, :builder, :ruby, :coffee, :jbuilder]}. Searched in:
  * "/Users/andrea/David_Aguilar/makeitreal/Clases/clase16/makeitreal/app/views"
):
  
app/controllers/holi_controller.rb:10:in `ver'
Started GET "/holi/ver" for 127.0.0.1 at 2017-05-31 19:26:23 -0500
Processing by HoliController#ver as HTML
  Rendering holi/ver.html.erb within layouts/custom_product
  Rendered holi/ver.html.erb within layouts/custom_product (0.7ms)
Completed 200 OK in 29ms (Views: 28.1ms)


Started GET "/holi/ver" for 127.0.0.1 at 2017-05-31 19:32:39 -0500
Processing by HoliController#ver as HTML
  Rendering holi/ver.html.erb within layouts/custom_product
  Rendered holi/ver.html.erb within layouts/custom_product (0.8ms)
Completed 200 OK in 7ms (Views: 6.0ms)


Started GET "/holi/ver" for 127.0.0.1 at 2017-05-31 19:33:22 -0500
Processing by HoliController#ver as HTML
  Rendering holi/ver.html.erb within layouts/custom_product
  Rendered holi/ver.html.erb within layouts/custom_product (0.5ms)
Completed 200 OK in 5ms (Views: 4.8ms)


Started GET "/holi/ver" for 127.0.0.1 at 2017-05-31 19:38:25 -0500
Processing by HoliController#ver as HTML
  Rendering holi/ver.html.erb within layouts/custom_product
  Rendered holi/ver.html.erb within layouts/custom_product (0.8ms)
Completed 200 OK in 7ms (Views: 6.5ms)


Started GET "/holi/ver" for 127.0.0.1 at 2017-05-31 19:39:18 -0500
Processing by HoliController#ver as HTML
  Rendering holi/ver.html.erb within layouts/custom_product
  Rendered holi/ver.html.erb within layouts/custom_product (0.7ms)
Completed 200 OK in 7ms (Views: 6.1ms)


Started GET "/holi/ver" for 127.0.0.1 at 2017-05-31 19:40:43 -0500
Processing by HoliController#ver as HTML
  Rendering holi/ver.html.erb within layouts/custom_product
  Rendered holi/ver.html.erb within layouts/custom_product (0.8ms)
Completed 200 OK in 6ms (Views: 5.6ms)


Started GET "/holi/ver" for 127.0.0.1 at 2017-05-31 19:41:07 -0500
Processing by HoliController#ver as HTML
  Rendering holi/ver.html.erb within layouts/custom_product
  Rendered holi/ver.html.erb within layouts/custom_product (0.6ms)
Completed 200 OK in 7ms (Views: 6.1ms)


Started GET "/holi/ver" for 127.0.0.1 at 2017-05-31 19:49:36 -0500
Processing by HoliController#ver as HTML
  Rendering holi/ver.html.erb within layouts/custom_product
  Rendered holi/ver.html.erb within layouts/custom_product (1.0ms)
Completed 500 Internal Server Error in 278ms


  
SyntaxError (/Users/andrea/David_Aguilar/makeitreal/Clases/clase16/makeitreal/app/views/holi/ver.html.erb:9: syntax error, unexpected '<', expecting keyword_end
<% content_for :top_bar do 
 ^
/Users/andrea/David_Aguilar/makeitreal/Clases/clase16/makeitreal/app/views/holi/ver.html.erb:9: syntax error, unexpected ':', expecting keyword_end
<% content_for :top_bar do 
                ^):
  
app/views/holi/ver.html.erb:9: syntax error, unexpected '<', expecting keyword_end
app/views/holi/ver.html.erb:9: syntax error, unexpected ':', expecting keyword_end
app/controllers/holi_controller.rb:10:in `ver'
Started GET "/holi/ver" for 127.0.0.1 at 2017-05-31 19:50:25 -0500
Processing by HoliController#ver as HTML
  Rendering holi/ver.html.erb within layouts/custom_product
  Rendered holi/_minicart.html.erb (0.5ms) [cache miss]
  Rendered holi/ver.html.erb within layouts/custom_product (38.8ms)
Completed 200 OK in 44ms (Views: 43.6ms)


